<?xml version="1.0" encoding="UTF-8"?>
<!-- Generated by org.testng.reporters.JUnitReportReporter -->
<testsuite hostname="CHDSEZ341528L" failures="0" tests="1" name="com.inetBanking.TestCases.TC_AddCustomerTest_003" time="33.497" errors="0" timestamp="2024-07-28T19:16:10 IST" skipped="0">
  <testcase classname="com.inetBanking.TestCases.TC_AddCustomerTest_003" name="addCustomer" time="33.497"/>
  <system-out/>
</testsuite> <!-- com.inetBanking.TestCases.TC_AddCustomerTest_003 -->
