<?xml version="1.0" encoding="UTF-8"?>
<!-- Generated by org.testng.reporters.JUnitReportReporter -->
<testsuite hostname="CHDSEZ341528L" failures="0" tests="4" name="com.inetBanking.TestCases.TC_LoginDDT_002" time="86.585" errors="0" timestamp="2024-07-28T13:25:01 IST" skipped="0">
  <testcase classname="com.inetBanking.TestCases.TC_LoginDDT_002" name="loginDDT" time="18.939"/>
  <system-out/>
  <testcase classname="com.inetBanking.TestCases.TC_LoginDDT_002" name="loginDDT" time="27.310"/>
  <system-out/>
  <testcase classname="com.inetBanking.TestCases.TC_LoginDDT_002" name="loginDDT" time="19.624"/>
  <system-out/>
  <testcase classname="com.inetBanking.TestCases.TC_LoginDDT_002" name="loginDDT" time="20.712"/>
  <system-out/>
</testsuite> <!-- com.inetBanking.TestCases.TC_LoginDDT_002 -->
