<?xml version="1.0" encoding="UTF-8"?>
<!-- Generated by org.testng.reporters.JUnitReportReporter -->
<testsuite hostname="CHDSEZ341528L" failures="0" tests="1" name="com.inetBanking.TestCases.TC_LoginTest_001" time="11.362" errors="0" timestamp="2024-07-28T13:25:01 IST" skipped="0">
  <testcase classname="com.inetBanking.TestCases.TC_LoginTest_001" name="login" time="11.362"/>
  <system-out/>
</testsuite> <!-- com.inetBanking.TestCases.TC_LoginTest_001 -->
